[2023-10-24 14:09:12,245][root][INFO] - Creating dataset
[2023-10-24 14:11:50,050][root][INFO] - Creating dataloaders
[2023-10-24 14:12:21,883][root][INFO] - Loading model
[2023-10-24 14:12:22,112][root][INFO] - Getting predictions on train
[2023-10-24 14:18:05,661][root][INFO] - Getting predictions on test
[2023-10-24 14:30:43,471][root][INFO] - Calculating clustering metrics
[2023-10-24 14:30:44,408][root][INFO] - 
Adjusted Rand Index (ARI): 0.1287
Normalized Mutual Information (NMI): 0.3606
Unsupervised Clustering Accuracy (ACC): 0.3016
[2023-10-24 14:30:44,408][root][INFO] - Creating label matching
[2023-10-24 14:30:44,496][root][INFO] - Calculating FDD metrics
[2023-10-24 14:30:45,228][root][INFO] - 
TPR/FPR:
    Fault 01: 0.8789/0.0000
    Fault 02: 0.9729/0.0000
    Fault 03: 0.0000/0.0000
    Fault 04: 0.0000/0.0000
    Fault 05: 0.0000/0.0000
    Fault 06: 0.9711/0.0000
    Fault 07: 0.9381/0.0000
    Fault 08: 0.6658/0.0000
    Fault 09: 0.0000/0.0000
    Fault 10: 0.0000/0.0000
    Fault 11: 0.0000/0.0000
    Fault 12: 0.0000/0.0000
    Fault 13: 0.8591/0.0000
    Fault 14: 0.0000/0.0000
    Fault 15: 0.0000/0.0000
    Fault 16: 0.0000/0.0000
    Fault 17: 0.9409/0.0000
    Fault 18: 0.0000/0.0000
    Fault 19: 0.9168/0.0000
    Fault 20: 0.9331/0.0000
    Fault 21: 0.0000/0.0000
    Fault 22: 0.0000/0.0000
    Fault 23: 0.0000/0.0000
    Fault 24: 0.0000/0.0000
    Fault 25: 0.0000/0.0000
    Fault 26: 0.9430/0.0001
    Fault 27: 0.0000/0.0000
    Fault 28: 0.0000/0.0000
Detection TPR: 0.3627
Detection FPR: 0.0001
Average Detection Delay (ADD): 135.04
Total Correct Diagnosis Rate (Total CDR): 0.8882
